<?xml version="1.0" encoding="UTF-8"?>
<testsuite name="TestSealedClasses" tests="3" skipped="0" failures="0" errors="0" timestamp="2024-09-20T14:46:22" hostname="EDOU" time="0.013">
  <properties/>
  <testcase name="testNum" classname="TestSealedClasses" time="0.008"/>
  <testcase name="testSum" classname="TestSealedClasses" time="0.003"/>
  <testcase name="testRecursion" classname="TestSealedClasses" time="0.001"/>
  <system-out><![CDATA[]]></system-out>
  <system-err><![CDATA[]]></system-err>
</testsuite>
