<?xml version="1.0" encoding="UTF-8"?>
<testsuite name="TestSmartCasts" tests="3" skipped="0" failures="0" errors="0" timestamp="2024-09-20T14:41:20" hostname="EDOU" time="0.02">
  <properties/>
  <testcase name="testNum" classname="TestSmartCasts" time="0.012"/>
  <testcase name="testSum" classname="TestSmartCasts" time="0.004"/>
  <testcase name="testRecursion" classname="TestSmartCasts" time="0.001"/>
  <system-out><![CDATA[]]></system-out>
  <system-err><![CDATA[]]></system-err>
</testsuite>
