<?xml version="1.0" encoding="UTF-8"?>
<testsuite name="TestExtensionFunctions" tests="2" skipped="0" failures="0" errors="0" timestamp="2024-09-24T15:27:27" hostname="EDOU" time="0.01">
  <properties/>
  <testcase name="testPairExtension" classname="TestExtensionFunctions" time="0.007"/>
  <testcase name="testIntExtension" classname="TestExtensionFunctions" time="0.001"/>
  <system-out><![CDATA[]]></system-out>
  <system-err><![CDATA[]]></system-err>
</testsuite>
