<?xml version="1.0" encoding="UTF-8"?>
<testsuite name="TestDataClasses" tests="2" skipped="0" failures="0" errors="0" timestamp="2024-09-20T14:36:06" hostname="EDOU" time="0.033">
  <properties/>
  <testcase name="testComparePeople" classname="TestDataClasses" time="0.01"/>
  <testcase name="testListOfPeople" classname="TestDataClasses" time="0.022"/>
  <system-out><![CDATA[]]></system-out>
  <system-err><![CDATA[]]></system-err>
</testsuite>
